# JRE version: OpenJDK Runtime Environment (19.0+36) (build 19+36-2238)
# Java VM: OpenJDK 64-Bit Server VM (19+36-2238, mixed mode, sharing, tiered, compressed oops, compressed class ptrs, g1 gc, windows-amd64)
GC Precious Log:
 CardTable entry size: 512
 Card Set container configuration: InlinePtr #cards 4 size 8 Array Of Cards #cards 8 size 32 Howl #buckets 8 coarsen threshold 3686 Howl Bitmap #cards 512 size 80 coarsen threshold 460 Card regions per heap region 1 cards per card region 4096
 CPUs: 8 total, 8 available
 Memory: 16236M
 Large Page Support: Disabled
 NUMA Support: Disabled
 Compressed Oops: Enabled (Zero based)
 Heap Region Size: 2M
 Heap Min Capacity: 8M
 Heap Initial Capacity: 254M
 Heap Max Capacity: 4060M
 Pre-touch: Disabled
 Parallel Workers: 8
 Concurrent Workers: 2
 Concurrent Refinement Workers: 8
 Periodic GC: Disabled
Heap:
 garbage-first heap   total 49152K, used 28030K [0x0000000702400000, 0x0000000800000000)
  region size 2048K, 7 young (14336K), 1 survivors (2048K)
 Metaspace       used 6903K, committed 7104K, reserved 1114112K
  class space    used 414K, committed 512K, reserved 1048576K
GC Heap History (20 events):
Event: 0.715 GC heap before
{Heap before GC invocations=1 (full 0):
 garbage-first heap   total 260096K, used 27417K [0x0000000702400000, 0x0000000800000000)
  region size 2048K, 15 young (30720K), 2 survivors (4096K)
 Metaspace       used 6347K, committed 6528K, reserved 1114112K
  class space    used 386K, committed 512K, reserved 1048576K
}
Event: 0.720 GC heap after
{Heap after GC invocations=2 (full 1):
 garbage-first heap   total 49152K, used 2841K [0x0000000702400000, 0x0000000800000000)
  region size 2048K, 0 young (0K), 0 survivors (0K)
 Metaspace       used 6347K, committed 6528K, reserved 1114112K
  class space    used 386K, committed 512K, reserved 1048576K
}
Event: 0.980 GC heap before
{Heap before GC invocations=2 (full 1):
 garbage-first heap   total 49152K, used 17177K [0x0000000702400000, 0x0000000800000000)
  region size 2048K, 8 young (16384K), 0 survivors (0K)
 Metaspace       used 6648K, committed 6912K, reserved 1114112K
  class space    used 391K, committed 512K, reserved 1048576K
}
Event: 0.981 GC heap after
{Heap after GC invocations=3 (full 1):
 garbage-first heap   total 49152K, used 4415K [0x0000000702400000, 0x0000000800000000)
  region size 2048K, 1 young (2048K), 1 survivors (2048K)
 Metaspace       used 6648K, committed 6912K, reserved 1114112K
  class space    used 391K, committed 512K, reserved 1048576K
}
Event: 1.184 GC heap before
{Heap before GC invocations=3 (full 1):
 garbage-first heap   total 49152K, used 22847K [0x0000000702400000, 0x0000000800000000)
  region size 2048K, 9 young (18432K), 1 survivors (2048K)
 Metaspace       used 6900K, committed 7104K, reserved 1114112K
  class space    used 414K, committed 512K, reserved 1048576K
}
Event: 1.185 GC heap after
{Heap after GC invocations=4 (full 1):
 garbage-first heap   total 49152K, used 6360K [0x0000000702400000, 0x0000000800000000)
  region size 2048K, 1 young (2048K), 1 survivors (2048K)
 Metaspace       used 6900K, committed 7104K, reserved 1114112K
  class space    used 414K, committed 512K, reserved 1048576K
}
Event: 1.381 GC heap before
{Heap before GC invocations=4 (full 1):
 garbage-first heap   total 49152K, used 24792K [0x0000000702400000, 0x0000000800000000)
  region size 2048K, 9 young (18432K), 1 survivors (2048K)
 Metaspace       used 6900K, committed 7104K, reserved 1114112K
  class space    used 414K, committed 512K, reserved 1048576K
}
Event: 1.382 GC heap after
{Heap after GC invocations=5 (full 1):
 garbage-first heap   total 49152K, used 7544K [0x0000000702400000, 0x0000000800000000)
  region size 2048K, 1 young (2048K), 1 survivors (2048K)
 Metaspace       used 6900K, committed 7104K, reserved 1114112K
  class space    used 414K, committed 512K, reserved 1048576K
}
Event: 1.523 GC heap before
{Heap before GC invocations=5 (full 1):
 garbage-first heap   total 49152K, used 21880K [0x0000000702400000, 0x0000000800000000)
  region size 2048K, 7 young (14336K), 1 survivors (2048K)
 Metaspace       used 6900K, committed 7104K, reserved 1114112K
  class space    used 414K, committed 512K, reserved 1048576K
}
Event: 1.524 GC heap after
{Heap after GC invocations=6 (full 1):
 garbage-first heap   total 49152K, used 9590K [0x0000000702400000, 0x0000000800000000)
  region size 2048K, 1 young (2048K), 1 survivors (2048K)
 Metaspace       used 6900K, committed 7104K, reserved 1114112K
  class space    used 414K, committed 512K, reserved 1048576K
}
Event: 1.760 GC heap before
{Heap before GC invocations=6 (full 1):
 garbage-first heap   total 49152K, used 30070K [0x0000000702400000, 0x0000000800000000)
  region size 2048K, 9 young (18432K), 1 survivors (2048K)
 Metaspace       used 6900K, committed 7104K, reserved 1114112K
  class space    used 414K, committed 512K, reserved 1048576K
}
Event: 1.761 GC heap after
{Heap after GC invocations=7 (full 1):
 garbage-first heap   total 49152K, used 11638K [0x0000000702400000, 0x0000000800000000)
  region size 2048K, 1 young (2048K), 1 survivors (2048K)
 Metaspace       used 6900K, committed 7104K, reserved 1114112K
  class space    used 414K, committed 512K, reserved 1048576K
}
Event: 2.158 GC heap before
{Heap before GC invocations=7 (full 1):
 garbage-first heap   total 49152K, used 25974K [0x0000000702400000, 0x0000000800000000)
  region size 2048K, 8 young (16384K), 1 survivors (2048K)
 Metaspace       used 6900K, committed 7104K, reserved 1114112K
  class space    used 414K, committed 512K, reserved 1048576K
}
Event: 2.159 GC heap after
{Heap after GC invocations=8 (full 1):
 garbage-first heap   total 49152K, used 11637K [0x0000000702400000, 0x0000000800000000)
  region size 2048K, 1 young (2048K), 1 survivors (2048K)
 Metaspace       used 6900K, committed 7104K, reserved 1114112K
  class space    used 414K, committed 512K, reserved 1048576K
}
Event: 2.528 GC heap before
{Heap before GC invocations=9 (full 1):
 garbage-first heap   total 49152K, used 25973K [0x0000000702400000, 0x0000000800000000)
  region size 2048K, 8 young (16384K), 1 survivors (2048K)
 Metaspace       used 6903K, committed 7104K, reserved 1114112K
  class space    used 414K, committed 512K, reserved 1048576K
}
Event: 2.529 GC heap after
{Heap after GC invocations=10 (full 1):
 garbage-first heap   total 49152K, used 11638K [0x0000000702400000, 0x0000000800000000)
  region size 2048K, 1 young (2048K), 1 survivors (2048K)
 Metaspace       used 6903K, committed 7104K, reserved 1114112K
  class space    used 414K, committed 512K, reserved 1048576K
}
Event: 2.582 GC heap before
{Heap before GC invocations=10 (full 1):
 garbage-first heap   total 49152K, used 13686K [0x0000000702400000, 0x0000000800000000)
  region size 2048K, 2 young (4096K), 1 survivors (2048K)
 Metaspace       used 6903K, committed 7104K, reserved 1114112K
  class space    used 414K, committed 512K, reserved 1048576K
}
Event: 2.583 GC heap after
{Heap after GC invocations=11 (full 1):
 garbage-first heap   total 49152K, used 11641K [0x0000000702400000, 0x0000000800000000)
  region size 2048K, 1 young (2048K), 1 survivors (2048K)
 Metaspace       used 6903K, committed 7104K, reserved 1114112K
  class space    used 414K, committed 512K, reserved 1048576K
}
Event: 2.635 GC heap before
{Heap before GC invocations=11 (full 1):
 garbage-first heap   total 49152K, used 13689K [0x0000000702400000, 0x0000000800000000)
  region size 2048K, 2 young (4096K), 1 survivors (2048K)
 Metaspace       used 6903K, committed 7104K, reserved 1114112K
  class space    used 414K, committed 512K, reserved 1048576K
}
Event: 2.636 GC heap after
{Heap after GC invocations=12 (full 1):
 garbage-first heap   total 49152K, used 11646K [0x0000000702400000, 0x0000000800000000)
  region size 2048K, 1 young (2048K), 1 survivors (2048K)
 Metaspace       used 6903K, committed 7104K, reserved 1114112K
  class space    used 414K, committed 512K, reserved 1048576K
}

