# JRE version: OpenJDK Runtime Environment (19.0+36) (build 19+36-2238)
# Java VM: OpenJDK 64-Bit Server VM (19+36-2238, mixed mode, sharing, tiered, compressed oops, compressed class ptrs, g1 gc, windows-amd64)
GC Precious Log:
 CardTable entry size: 512
 Card Set container configuration: InlinePtr #cards 4 size 8 Array Of Cards #cards 8 size 32 Howl #buckets 8 coarsen threshold 3686 Howl Bitmap #cards 512 size 80 coarsen threshold 460 Card regions per heap region 1 cards per card region 4096
 CPUs: 8 total, 8 available
 Memory: 16236M
 Large Page Support: Disabled
 NUMA Support: Disabled
 Compressed Oops: Enabled (Zero based)
 Heap Region Size: 2M
 Heap Min Capacity: 8M
 Heap Initial Capacity: 254M
 Heap Max Capacity: 4060M
 Pre-touch: Disabled
 Parallel Workers: 8
 Concurrent Workers: 2
 Concurrent Refinement Workers: 8
 Periodic GC: Disabled
Heap:
 garbage-first heap   total 155648K, used 60913K [0x0000000702400000, 0x0000000800000000)
  region size 2048K, 23 young (47104K), 1 survivors (2048K)
 Metaspace       used 7575K, committed 7808K, reserved 1114112K
  class space    used 490K, committed 576K, reserved 1048576K
GC Heap History (20 events):
Event: 0.553 GC heap before
{Heap before GC invocations=0 (full 0):
 garbage-first heap   total 260096K, used 22528K [0x0000000702400000, 0x0000000800000000)
  region size 2048K, 11 young (22528K), 0 survivors (0K)
 Metaspace       used 5361K, committed 5568K, reserved 1114112K
  class space    used 290K, committed 384K, reserved 1048576K
}
Event: 0.556 GC heap after
{Heap after GC invocations=1 (full 0):
 garbage-first heap   total 260096K, used 2912K [0x0000000702400000, 0x0000000800000000)
  region size 2048K, 2 young (4096K), 2 survivors (4096K)
 Metaspace       used 5361K, committed 5568K, reserved 1114112K
  class space    used 290K, committed 384K, reserved 1048576K
}
Event: 0.696 GC heap before
{Heap before GC invocations=1 (full 0):
 garbage-first heap   total 260096K, used 29536K [0x0000000702400000, 0x0000000800000000)
  region size 2048K, 16 young (32768K), 2 survivors (4096K)
 Metaspace       used 7026K, committed 7232K, reserved 1114112K
  class space    used 463K, committed 576K, reserved 1048576K
}
Event: 0.702 GC heap after
{Heap after GC invocations=2 (full 1):
 garbage-first heap   total 40960K, used 3004K [0x0000000702400000, 0x0000000800000000)
  region size 2048K, 0 young (0K), 0 survivors (0K)
 Metaspace       used 7026K, committed 7232K, reserved 1114112K
  class space    used 463K, committed 576K, reserved 1048576K
}
Event: 0.908 GC heap before
{Heap before GC invocations=2 (full 1):
 garbage-first heap   total 40960K, used 17340K [0x0000000702400000, 0x0000000800000000)
  region size 2048K, 7 young (14336K), 0 survivors (0K)
 Metaspace       used 7324K, committed 7488K, reserved 1114112K
  class space    used 467K, committed 576K, reserved 1048576K
}
Event: 0.911 GC heap after
{Heap after GC invocations=3 (full 1):
 garbage-first heap   total 40960K, used 4004K [0x0000000702400000, 0x0000000800000000)
  region size 2048K, 1 young (2048K), 1 survivors (2048K)
 Metaspace       used 7324K, committed 7488K, reserved 1114112K
  class space    used 467K, committed 576K, reserved 1048576K
}
Event: 1.085 GC heap before
{Heap before GC invocations=3 (full 1):
 garbage-first heap   total 40960K, used 18340K [0x0000000702400000, 0x0000000800000000)
  region size 2048K, 8 young (16384K), 1 survivors (2048K)
 Metaspace       used 7570K, committed 7808K, reserved 1114112K
  class space    used 489K, committed 576K, reserved 1048576K
}
Event: 1.087 GC heap after
{Heap after GC invocations=4 (full 1):
 garbage-first heap   total 40960K, used 6521K [0x0000000702400000, 0x0000000800000000)
  region size 2048K, 1 young (2048K), 1 survivors (2048K)
 Metaspace       used 7570K, committed 7808K, reserved 1114112K
  class space    used 489K, committed 576K, reserved 1048576K
}
Event: 1.263 GC heap before
{Heap before GC invocations=4 (full 1):
 garbage-first heap   total 40960K, used 22905K [0x0000000702400000, 0x0000000800000000)
  region size 2048K, 8 young (16384K), 1 survivors (2048K)
 Metaspace       used 7572K, committed 7808K, reserved 1114112K
  class space    used 489K, committed 576K, reserved 1048576K
}
Event: 1.264 GC heap after
{Heap after GC invocations=5 (full 1):
 garbage-first heap   total 40960K, used 7755K [0x0000000702400000, 0x0000000800000000)
  region size 2048K, 1 young (2048K), 1 survivors (2048K)
 Metaspace       used 7572K, committed 7808K, reserved 1114112K
  class space    used 489K, committed 576K, reserved 1048576K
}
Event: 1.364 GC heap before
{Heap before GC invocations=5 (full 1):
 garbage-first heap   total 40960K, used 15947K [0x0000000702400000, 0x0000000800000000)
  region size 2048K, 6 young (12288K), 1 survivors (2048K)
 Metaspace       used 7572K, committed 7808K, reserved 1114112K
  class space    used 489K, committed 576K, reserved 1048576K
}
Event: 1.364 GC heap after
{Heap after GC invocations=6 (full 1):
 garbage-first heap   total 40960K, used 7674K [0x0000000702400000, 0x0000000800000000)
  region size 2048K, 1 young (2048K), 1 survivors (2048K)
 Metaspace       used 7572K, committed 7808K, reserved 1114112K
  class space    used 489K, committed 576K, reserved 1048576K
}
Event: 1.482 GC heap before
{Heap before GC invocations=6 (full 1):
 garbage-first heap   total 40960K, used 22010K [0x0000000702400000, 0x0000000800000000)
  region size 2048K, 7 young (14336K), 1 survivors (2048K)
 Metaspace       used 7572K, committed 7808K, reserved 1114112K
  class space    used 489K, committed 576K, reserved 1048576K
}
Event: 1.482 GC heap after
{Heap after GC invocations=7 (full 1):
 garbage-first heap   total 40960K, used 9701K [0x0000000702400000, 0x0000000800000000)
  region size 2048K, 1 young (2048K), 1 survivors (2048K)
 Metaspace       used 7572K, committed 7808K, reserved 1114112K
  class space    used 489K, committed 576K, reserved 1048576K
}
Event: 1.623 GC heap before
{Heap before GC invocations=8 (full 1):
 garbage-first heap   total 49152K, used 26085K [0x0000000702400000, 0x0000000800000000)
  region size 2048K, 7 young (14336K), 1 survivors (2048K)
 Metaspace       used 7572K, committed 7808K, reserved 1114112K
  class space    used 489K, committed 576K, reserved 1048576K
}
Event: 1.624 GC heap after
{Heap after GC invocations=9 (full 1):
 garbage-first heap   total 49152K, used 11748K [0x0000000702400000, 0x0000000800000000)
  region size 2048K, 1 young (2048K), 1 survivors (2048K)
 Metaspace       used 7572K, committed 7808K, reserved 1114112K
  class space    used 489K, committed 576K, reserved 1048576K
}
Event: 1.657 GC heap before
{Heap before GC invocations=9 (full 1):
 garbage-first heap   total 49152K, used 13796K [0x0000000702400000, 0x0000000800000000)
  region size 2048K, 2 young (4096K), 1 survivors (2048K)
 Metaspace       used 7572K, committed 7808K, reserved 1114112K
  class space    used 489K, committed 576K, reserved 1048576K
}
Event: 1.658 GC heap after
{Heap after GC invocations=10 (full 1):
 garbage-first heap   total 49152K, used 11749K [0x0000000702400000, 0x0000000800000000)
  region size 2048K, 1 young (2048K), 1 survivors (2048K)
 Metaspace       used 7572K, committed 7808K, reserved 1114112K
  class space    used 489K, committed 576K, reserved 1048576K
}
Event: 1.711 GC heap before
{Heap before GC invocations=10 (full 1):
 garbage-first heap   total 49152K, used 13797K [0x0000000702400000, 0x0000000800000000)
  region size 2048K, 2 young (4096K), 1 survivors (2048K)
 Metaspace       used 7572K, committed 7808K, reserved 1114112K
  class space    used 489K, committed 576K, reserved 1048576K
}
Event: 1.712 GC heap after
{Heap after GC invocations=11 (full 1):
 garbage-first heap   total 155648K, used 11761K [0x0000000702400000, 0x0000000800000000)
  region size 2048K, 1 young (2048K), 1 survivors (2048K)
 Metaspace       used 7572K, committed 7808K, reserved 1114112K
  class space    used 489K, committed 576K, reserved 1048576K
}

