# JRE version: OpenJDK Runtime Environment (19.0+36) (build 19+36-2238)
# Java VM: OpenJDK 64-Bit Server VM (19+36-2238, mixed mode, sharing, tiered, compressed oops, compressed class ptrs, g1 gc, windows-amd64)
GC Precious Log:
 CardTable entry size: 512
 Card Set container configuration: InlinePtr #cards 4 size 8 Array Of Cards #cards 8 size 32 Howl #buckets 8 coarsen threshold 3686 Howl Bitmap #cards 512 size 80 coarsen threshold 460 Card regions per heap region 1 cards per card region 4096
 CPUs: 8 total, 8 available
 Memory: 16236M
 Large Page Support: Disabled
 NUMA Support: Disabled
 Compressed Oops: Enabled (Zero based)
 Heap Region Size: 2M
 Heap Min Capacity: 8M
 Heap Initial Capacity: 254M
 Heap Max Capacity: 4060M
 Pre-touch: Disabled
 Parallel Workers: 8
 Concurrent Workers: 2
 Concurrent Refinement Workers: 8
 Periodic GC: Disabled
Heap:
 garbage-first heap   total 155648K, used 38162K [0x0000000702400000, 0x0000000800000000)
  region size 2048K, 12 young (24576K), 1 survivors (2048K)
 Metaspace       used 6922K, committed 7168K, reserved 1114112K
  class space    used 414K, committed 512K, reserved 1048576K
GC Heap History (20 events):
Event: 0.667 GC heap before
{Heap before GC invocations=1 (full 0):
 garbage-first heap   total 260096K, used 27519K [0x0000000702400000, 0x0000000800000000)
  region size 2048K, 15 young (30720K), 2 survivors (4096K)
 Metaspace       used 6360K, committed 6592K, reserved 1114112K
  class space    used 386K, committed 512K, reserved 1048576K
}
Event: 0.672 GC heap after
{Heap after GC invocations=2 (full 1):
 garbage-first heap   total 40960K, used 2746K [0x0000000702400000, 0x0000000800000000)
  region size 2048K, 0 young (0K), 0 survivors (0K)
 Metaspace       used 6360K, committed 6592K, reserved 1114112K
  class space    used 386K, committed 512K, reserved 1048576K
}
Event: 0.887 GC heap before
{Heap before GC invocations=2 (full 1):
 garbage-first heap   total 40960K, used 15034K [0x0000000702400000, 0x0000000800000000)
  region size 2048K, 7 young (14336K), 0 survivors (0K)
 Metaspace       used 6661K, committed 6912K, reserved 1114112K
  class space    used 391K, committed 512K, reserved 1048576K
}
Event: 0.888 GC heap after
{Heap after GC invocations=3 (full 1):
 garbage-first heap   total 40960K, used 4214K [0x0000000702400000, 0x0000000800000000)
  region size 2048K, 1 young (2048K), 1 survivors (2048K)
 Metaspace       used 6661K, committed 6912K, reserved 1114112K
  class space    used 391K, committed 512K, reserved 1048576K
}
Event: 1.066 GC heap before
{Heap before GC invocations=3 (full 1):
 garbage-first heap   total 40960K, used 18550K [0x0000000702400000, 0x0000000800000000)
  region size 2048K, 8 young (16384K), 1 survivors (2048K)
 Metaspace       used 6767K, committed 6976K, reserved 1114112K
  class space    used 400K, committed 512K, reserved 1048576K
}
Event: 1.067 GC heap after
{Heap after GC invocations=4 (full 1):
 garbage-first heap   total 40960K, used 5921K [0x0000000702400000, 0x0000000800000000)
  region size 2048K, 1 young (2048K), 1 survivors (2048K)
 Metaspace       used 6767K, committed 6976K, reserved 1114112K
  class space    used 400K, committed 512K, reserved 1048576K
}
Event: 1.289 GC heap before
{Heap before GC invocations=4 (full 1):
 garbage-first heap   total 40960K, used 22305K [0x0000000702400000, 0x0000000800000000)
  region size 2048K, 8 young (16384K), 1 survivors (2048K)
 Metaspace       used 6920K, committed 7168K, reserved 1114112K
  class space    used 414K, committed 512K, reserved 1048576K
}
Event: 1.290 GC heap after
{Heap after GC invocations=5 (full 1):
 garbage-first heap   total 40960K, used 7425K [0x0000000702400000, 0x0000000800000000)
  region size 2048K, 1 young (2048K), 1 survivors (2048K)
 Metaspace       used 6920K, committed 7168K, reserved 1114112K
  class space    used 414K, committed 512K, reserved 1048576K
}
Event: 1.392 GC heap before
{Heap before GC invocations=5 (full 1):
 garbage-first heap   total 40960K, used 15617K [0x0000000702400000, 0x0000000800000000)
  region size 2048K, 6 young (12288K), 1 survivors (2048K)
 Metaspace       used 6920K, committed 7168K, reserved 1114112K
  class space    used 414K, committed 512K, reserved 1048576K
}
Event: 1.393 GC heap after
{Heap after GC invocations=6 (full 1):
 garbage-first heap   total 40960K, used 7411K [0x0000000702400000, 0x0000000800000000)
  region size 2048K, 1 young (2048K), 1 survivors (2048K)
 Metaspace       used 6920K, committed 7168K, reserved 1114112K
  class space    used 414K, committed 512K, reserved 1048576K
}
Event: 1.508 GC heap before
{Heap before GC invocations=6 (full 1):
 garbage-first heap   total 40960K, used 21747K [0x0000000702400000, 0x0000000800000000)
  region size 2048K, 7 young (14336K), 1 survivors (2048K)
 Metaspace       used 6920K, committed 7168K, reserved 1114112K
  class space    used 414K, committed 512K, reserved 1048576K
}
Event: 1.509 GC heap after
{Heap after GC invocations=7 (full 1):
 garbage-first heap   total 40960K, used 9472K [0x0000000702400000, 0x0000000800000000)
  region size 2048K, 1 young (2048K), 1 survivors (2048K)
 Metaspace       used 6920K, committed 7168K, reserved 1114112K
  class space    used 414K, committed 512K, reserved 1048576K
}
Event: 1.659 GC heap before
{Heap before GC invocations=8 (full 1):
 garbage-first heap   total 49152K, used 25856K [0x0000000702400000, 0x0000000800000000)
  region size 2048K, 7 young (14336K), 1 survivors (2048K)
 Metaspace       used 6920K, committed 7168K, reserved 1114112K
  class space    used 414K, committed 512K, reserved 1048576K
}
Event: 1.659 GC heap after
{Heap after GC invocations=9 (full 1):
 garbage-first heap   total 49152K, used 11532K [0x0000000702400000, 0x0000000800000000)
  region size 2048K, 1 young (2048K), 1 survivors (2048K)
 Metaspace       used 6920K, committed 7168K, reserved 1114112K
  class space    used 414K, committed 512K, reserved 1048576K
}
Event: 1.689 GC heap before
{Heap before GC invocations=9 (full 1):
 garbage-first heap   total 49152K, used 13580K [0x0000000702400000, 0x0000000800000000)
  region size 2048K, 2 young (4096K), 1 survivors (2048K)
 Metaspace       used 6920K, committed 7168K, reserved 1114112K
  class space    used 414K, committed 512K, reserved 1048576K
}
Event: 1.690 GC heap after
{Heap after GC invocations=10 (full 1):
 garbage-first heap   total 49152K, used 11564K [0x0000000702400000, 0x0000000800000000)
  region size 2048K, 1 young (2048K), 1 survivors (2048K)
 Metaspace       used 6920K, committed 7168K, reserved 1114112K
  class space    used 414K, committed 512K, reserved 1048576K
}
Event: 1.748 GC heap before
{Heap before GC invocations=10 (full 1):
 garbage-first heap   total 49152K, used 13612K [0x0000000702400000, 0x0000000800000000)
  region size 2048K, 2 young (4096K), 1 survivors (2048K)
 Metaspace       used 6920K, committed 7168K, reserved 1114112K
  class space    used 414K, committed 512K, reserved 1048576K
}
Event: 1.748 GC heap after
{Heap after GC invocations=11 (full 1):
 garbage-first heap   total 49152K, used 11537K [0x0000000702400000, 0x0000000800000000)
  region size 2048K, 1 young (2048K), 1 survivors (2048K)
 Metaspace       used 6920K, committed 7168K, reserved 1114112K
  class space    used 414K, committed 512K, reserved 1048576K
}
Event: 2.304 GC heap before
{Heap before GC invocations=11 (full 1):
 garbage-first heap   total 49152K, used 34065K [0x0000000702400000, 0x0000000800000000)
  region size 2048K, 12 young (24576K), 1 survivors (2048K)
 Metaspace       used 6922K, committed 7168K, reserved 1114112K
  class space    used 414K, committed 512K, reserved 1048576K
}
Event: 2.305 GC heap after
{Heap after GC invocations=12 (full 1):
 garbage-first heap   total 155648K, used 11538K [0x0000000702400000, 0x0000000800000000)
  region size 2048K, 1 young (2048K), 1 survivors (2048K)
 Metaspace       used 6922K, committed 7168K, reserved 1114112K
  class space    used 414K, committed 512K, reserved 1048576K
}

